<?xml version="1.0" encoding="UTF-8"?>
<testng-results ignored="0" total="1" passed="1" failed="0" skipped="0">
  <reporter-output>
  </reporter-output>
  <suite started-at="2023-05-19T13:54:18 IST" name="Default suite" finished-at="2023-05-19T13:54:27 IST" duration-ms="8254">
    <groups>
    </groups>
    <test started-at="2023-05-19T13:54:18 IST" name="Default test" finished-at="2023-05-19T13:54:27 IST" duration-ms="8254">
      <class name="Seleniummock.TestMethodcls">
        <test-method signature="testcase()[pri:0, instance:Seleniummock.TestMethodcls@72a7c7e0]" started-at="2023-05-19T13:54:18 IST" name="testcase" finished-at="2023-05-19T13:54:27 IST" duration-ms="8207" status="PASS">
          <reporter-output>
          </reporter-output>
        </test-method> <!-- testcase -->
      </class> <!-- Seleniummock.TestMethodcls -->
    </test> <!-- Default test -->
  </suite> <!-- Default suite -->
</testng-results>
